<?xml version="1.0" encoding="UTF-8" ?>
<testsuite tests="6" failures="0" name="models.DepartmentTest" time="0" errors="0" skipped="0">
  <properties>
[...]
</properties>
  <testcase classname="models.DepartmentTest" name="setEmailSetsCorrectEmail" time="0"/>
  <testcase classname="models.DepartmentTest" name="setWebsiteSetsCorrectWebsite" time="0"/>
  <testcase classname="models.DepartmentTest" name="getEmailReturnsCorrectEmail" time="0"/>
  <testcase classname="models.DepartmentTest" name="getNameReturnsCorrectName" time="0"/>
  <testcase classname="models.DepartmentTest" name="setNameSetsCorrectName" time="0"/>
  <testcase classname="models.DepartmentTest" name="getWebsiteReturnsCorrectWebsite" time="0"/>
</testsuite>